<?xml version="1.0" encoding="UTF-8"?>
<!-- Generated by org.testng.reporters.JUnitReportReporter -->
<testsuite skipped="0" hostname="Gowtham-PC" name="crmfa.Crfma" tests="1" failures="0" timestamp="2020-09-18T21:09:04 IST" time="35.434" errors="0">
  <testcase name="Login1" time="35.434" classname="crmfa.Crfma"/>
  <system-out/>
</testsuite> <!-- crmfa.Crfma -->
