<?xml version="1.0" encoding="UTF-8"?>
<!-- Generated by org.testng.reporters.JUnitReportReporter -->
<testsuite skipped="0" hostname="Gowtham-PC" name="crmfa.Crfma" tests="1" failures="0" timestamp="2020-09-28T17:53:47 IST" time="13.310" errors="0">
  <testcase name="Login1" time="13.310" classname="crmfa.Crfma"/>
  <system-out/>
</testsuite> <!-- crmfa.Crfma -->
